1.1085 2023-03-13 12:58:02 buy order 
1.114 2023-03-13 13:06:57 closing trade long 1.109118130715907
1.1134 2023-03-13 13:33:01 sell order 
1.1102 2023-03-13 13:45:53 closing trade short 1.1121317946919396
1.1165 2023-03-13 13:48:01 buy order 
1.1185 2023-03-13 13:53:40 closing trade long 1.1160165553252603
1.1518 2023-03-13 14:37:02 buy order
1.1694 2023-03-13 14:46:27 closing trade long 1.1574231658383147
1.1835 2023-03-13 15:33:42 sell order 
1.1821 2023-03-13 15:41:37 closing trade short 1.1863323271861377
1.1865 2023-03-13 16:10:01 buy order 
1.1827 2023-03-13 16:11:38 closing trade long 1.183103980065176
1.1804 2023-03-13 16:26:25 sell order 
1.171 2023-03-13 16:40:38 closing trade short 1.1742647891675992
1.1726 2023-03-13 17:38:03 buy order 
1.1927 2023-03-13 18:27:42 closing trade long 1.185345019159971
1.1943 2023-03-13 22:48:01 sell order 
1.198 2023-03-13 23:00:02 closing trade short 1.1961351850840787
1.1916 2023-03-13 23:45:21 buy order 
1.1939 2023-03-14 00:53:02 closing trade long 1.1957348563001202
1.1912 2023-03-14 00:55:01 sell order
1.1868 2023-03-14 01:04:37 closing trade short 1.1894443515537758
