0.9615 2023-03-10 11:12:11 buy order 
0.9629 2023-03-10 11:12:42 closing trade long 0.9908806489267223
0.9669 2023-03-10 11:18:19 sell order 
0.965 2023-03-10 11:19:54 closing trade short 0.9914056489267223
0.9643 2023-03-10 11:22:46 buy order 
0.966 2023-03-10 11:25:16 closing trade long 0.9916556489267223
0.9692 2023-03-10 11:33:13 sell order 
0.9704 2023-03-10 11:39:08 closing trade short 0.9927806489267224
0.9704 2023-03-10 11:39:10 buy order 
0.9724 2023-03-10 11:39:19 closing trade long 0.9931306489267224
0.9694 2023-03-10 11:41:21 sell order 
0.9678 2023-03-10 11:41:40 closing trade short 0.9921056489267224
0.9666 2023-03-10 11:44:49 buy order 
0.9687 2023-03-10 11:46:03 closing trade long 0.9923306489267224
0.9774 2023-03-10 11:59:48 sell order 
0.9759 2023-03-10 12:00:18 closing trade short 0.9897104866950418
0.9779 2023-03-10 12:02:14 buy order 
0.9771 2023-03-10 12:04:53 closing trade long 0.9900604866950418
0.9771 2023-03-10 12:04:53 sell order 
0.9756 2023-03-10 12:05:18 closing trade short 0.9896854866950417
0.9753 2023-03-10 12:10:28 buy order 
0.975 2023-03-10 12:14:02 closing trade long 0.9895104866950418
0.975 2023-03-10 12:14:03 sell order 
0.9733 2023-03-10 12:14:42 closing trade short 0.9891104866950418
0.9749 2023-03-10 12:16:47 buy order 
0.9763 2023-03-10 12:17:37 closing trade long 0.9899354866950418
0.9819 2023-03-10 12:21:53 sell order 
0.9804 2023-03-10 12:22:40 closing trade short 0.9908854866950418
0.9814 2023-03-10 12:25:04 buy order 
0.9798 2023-03-10 12:25:24 closing trade long 0.9906104866950418
0.9802 2023-03-10 12:25:24 sell order 
0.9841 2023-03-10 12:25:30 closing trade short 0.9918104866950418
0.9831 2023-03-10 12:25:32 buy order 
0.9859 2023-03-10 12:25:38 closing trade long 0.9922354866950418
0.983 2023-03-10 12:27:41 sell order 
0.9807 2023-03-10 12:30:28 closing trade short 0.9909854866950418
0.9813 2023-03-10 12:32:43 buy order 
0.9811 2023-03-10 12:35:10 closing trade long 0.9909854866950418
0.9809 2023-03-10 12:35:10 sell order 
0.9823 2023-03-10 12:37:10 closing trade short 0.9913604866950418
0.9828 2023-03-10 12:37:12 buy order 
0.9844 2023-03-10 12:38:05 closing trade long 0.9917854866950417
0.9833 2023-03-10 12:40:20 sell order 
0.9836 2023-03-10 12:44:47 closing trade short 0.9916854866950418
0.9834 2023-03-10 12:44:49 buy order 
0.9851 2023-03-10 12:45:50 closing trade long 0.9920604866950418
0.985 2023-03-10 12:49:18 sell order 
0.9836 2023-03-10 12:49:31 closing trade short 0.9916854866950418
0.9845 2023-03-10 12:52:08 buy order 
0.986 2023-03-10 12:53:48 closing trade long 0.9922854866950418
0.9884 2023-03-10 12:58:50 sell order 
0.9894 2023-03-10 13:00:44 closing trade short 0.9931354866950418
0.9894 2023-03-10 13:00:45 buy order 
0.9882 2023-03-10 13:03:03 closing trade long 0.9928354866950417
0.988 2023-03-10 13:03:03 sell order 
0.9889 2023-03-10 13:05:28 closing trade short 0.9930104866950418
0.989 2023-03-10 13:05:30 buy order 
0.9906 2023-03-10 13:07:17 closing trade long 0.9934354866950418
0.9923 2023-03-10 13:12:45 sell order 
0.9908 2023-03-10 13:13:51 closing trade short 0.9934854866950418
0.9922 2023-03-10 13:16:08 buy order 
0.9899 2023-03-10 13:17:23 closing trade long 0.9932854866950418
0.9899 2023-03-10 13:17:23 sell order 
0.991 2023-03-10 13:20:32 closing trade short 0.9935354866950418
0.9909 2023-03-10 13:20:34 buy order 
0.9925 2023-03-10 13:21:27 closing trade long 0.9939104866950418
0.9921 2023-03-10 13:23:53 buy order 
0.9944 2023-03-10 13:25:05 closing trade long 0.9943604866950417
0.9941 2023-03-10 13:28:24 sell order 
0.9953 2023-03-10 13:29:06 closing trade short 0.9946104866950418
0.9978 2023-03-10 13:30:12 buy order 
0.9956 2023-03-10 13:30:14 closing trade long 0.9947854866950419
0.9997 2023-03-10 13:32:44 sell order 
0.9994 2023-03-10 13:32:48 closing trade short 0.9956354866950418
1.0049 2023-03-10 13:34:14 buy order 
1.0068 2023-03-10 13:34:19 closing trade long 0.9974854866950418
1.0017 2023-03-10 13:35:50 sell order 
1.0028 2023-03-10 13:35:55 closing trade short 0.9964854866950418
1.0043 2023-03-10 13:36:06 buy order 
1.0044 2023-03-10 13:36:31 closing trade long 0.9968854866950418
1.0044 2023-03-10 13:36:31 sell order 
1.0029 2023-03-10 13:36:43 closing trade short 0.9965104866950418
1.0024 2023-03-10 13:38:49 sell order 
1.002 2023-03-10 13:39:02 closing trade short 0.9964604866950417
1.0025 2023-03-10 13:39:06 buy order 
1.0012 2023-03-10 13:40:01 closing trade long 0.9960854866950418
1.0113 2023-03-10 13:42:58 buy order 
1.0147 2023-03-10 13:43:07 closing trade long 0.9994104866950417
1.0156 2023-03-10 13:45:27 sell order 
1.0174 2023-03-10 13:45:39 closing trade short 1.0001354866950418
1.0175 2023-03-10 13:45:41 buy order 
1.0211 2023-03-10 13:45:53 closing trade long 1.0010354866950417
1.0261 2023-03-10 13:50:04 sell order 
1.0235 2023-03-10 13:50:16 closing trade short 1.0016604866950418
1.0267 2023-03-10 13:54:08 buy order 
1.025 2023-03-10 13:55:36 closing trade long 1.0020354866950418
1.0231 2023-03-10 13:56:08 sell order 
1.0241 2023-03-10 13:56:20 closing trade short 1.0018854866950417
1.0264 2023-03-10 13:58:48 buy order 
1.0244 2023-03-10 13:59:45 closing trade long 1.0017854866950417
1.0245 2023-03-10 13:59:47 sell order 
1.025 2023-03-10 14:00:02 closing trade short 1.0077766150212815
1.0251 2023-03-10 14:00:04 buy order 
1.0231 2023-03-10 14:00:18 closing trade long 1.0072266150212814
1.0251 2023-03-10 14:01:51 buy order 
1.024 2023-03-10 14:02:15 closing trade long 1.0074766150212815
1.024 2023-03-10 14:02:15 sell order 
1.0193 2023-03-10 14:03:19 closing trade short 1.0062766150212814
1.0097 2023-03-10 14:10:46 buy order 
1.0109 2023-03-10 14:13:20 closing trade long 1.0041766150212814
1.0096 2023-03-10 14:13:31 sell order 
1.0095 2023-03-10 14:13:48 closing trade short 1.0038266150212813
1.0094 2023-03-10 14:13:56 buy order 
1.0081 2023-03-10 14:14:07 closing trade long 1.0034766150212815
1.0081 2023-03-10 14:14:07 sell order 
1.0029 2023-03-10 14:15:07 closing trade short 1.0021266150212813
1.0023 2023-03-10 14:17:28 buy order 
1.0023 2023-03-10 14:17:36 closing trade long 1.0020266150212813
1.0011 2023-03-10 14:17:41 sell order 
1.0019 2023-03-10 14:17:47 closing trade short 1.0019266150212813
1.0019 2023-03-10 14:17:50 buy order 
1.0025 2023-03-10 14:18:02 closing trade long 1.0020766150212814
1.0024 2023-03-10 14:18:17 sell order 
1.0041 2023-03-10 14:18:59 closing trade short 1.0024766150212814
1.0037 2023-03-10 14:19:04 buy order 
1.006 2023-03-10 14:22:21 closing trade long 1.0029516150212814
1.0068 2023-03-10 14:22:25 sell order 
1.0087 2023-03-10 14:22:59 closing trade short 1.0036266150212814
1.0096 2023-03-10 14:23:12 buy order 
1.0119 2023-03-10 14:25:53 closing trade long 1.0043266150212813
1.0108 2023-03-10 14:26:01 sell order 
1.0123 2023-03-10 14:26:39 closing trade short 1.0045766150212814
1.0119 2023-03-10 14:27:12 buy order 
1.0119 2023-03-10 14:27:35 closing trade long 1.0044266150212815
1.0123 2023-03-10 14:30:46 sell order 
1.0141 2023-03-10 14:32:44 closing trade short 1.0049766150212813
1.0148 2023-03-10 14:32:46 buy order 
1.0121 2023-03-10 14:34:51 closing trade long 1.0044766150212814
1.0121 2023-03-10 14:34:51 sell order 
1.0076 2023-03-10 14:35:58 closing trade short 1.0033266150212814
1.0114 2023-03-10 14:37:49 buy order 
1.0096 2023-03-10 14:39:35 closing trade long 1.0039016150212814
1.009 2023-03-10 14:39:40 sell order 
1.004 2023-03-10 14:41:38 closing trade short 1.0024766150212814
0.9935 2023-03-10 14:48:51 sell order 
0.9934 2023-03-10 14:48:54 closing trade short 0.9998016150212814
0.9979 2023-03-10 14:49:55 buy order 
0.997 2023-03-10 14:50:05 closing trade long 1.0007516150212814
0.9971 2023-03-10 14:50:05 sell order 
0.9968 2023-03-10 14:50:08 closing trade short 1.0007266150212815
0.9977 2023-03-10 14:50:11 buy order 
0.999 2023-03-10 14:51:52 closing trade long 1.0012016150212815
1.0009 2023-03-10 14:54:15 sell order 
1.0006 2023-03-10 14:54:18 closing trade short 1.0017516150212815
0.9987 2023-03-10 14:55:48 sell order 
1.0005 2023-03-10 14:56:12 closing trade short 1.0015766150212815
1.0013 2023-03-10 14:56:37 buy order 
1.0006 2023-03-10 14:57:16 closing trade long 1.0016016150212814
1.0006 2023-03-10 14:57:16 sell order 
1.0014 2023-03-10 14:57:19 closing trade short 1.0018016150212814
1.0021 2023-03-10 14:57:33 buy order 
1.0031 2023-03-10 14:59:00 closing trade long 1.0022266150212813
1.0038 2023-03-10 15:00:08 buy order 
1.0031 2023-03-10 15:00:12 closing trade long 1.0021266150212813
1.0031 2023-03-10 15:00:12 sell order 
1.0039 2023-03-10 15:00:15 closing trade short 1.0024266150212813
1.0041 2023-03-10 15:00:42 buy order 
1.0097 2023-03-10 15:01:45 closing trade long 1.0038766150212814
1.0086 2023-03-10 15:01:56 buy order 
1.0057 2023-03-10 15:02:18 closing trade long 1.0028766150212813
1.0059 2023-03-10 15:02:51 buy order 
1.0066 2023-03-10 15:03:15 closing trade long 1.0031016150212815
1.0066 2023-03-10 15:03:16 sell order 
1.0068 2023-03-10 15:03:19 closing trade short 1.0031516150212814
1.0079 2023-03-10 15:03:32 buy order 
1.007 2023-03-10 15:03:45 closing trade long 1.0032016150212812
1.0065 2023-03-10 15:03:47 sell order 
1.0059 2023-03-10 15:03:49 closing trade short 1.0029266150212814
1.0064 2023-03-10 15:04:28 buy order 
1.007 2023-03-10 15:08:04 closing trade long 1.0032016150212812
1.007 2023-03-10 15:08:04 sell order 
1.0072 2023-03-10 15:08:07 closing trade short 1.0032516150212814
1.0062 2023-03-10 15:08:41 sell order 
1.006 2023-03-10 15:08:44 closing trade short 1.0030016150212813
1.0069 2023-03-10 15:11:18 sell order 
1.0073 2023-03-10 15:11:20 closing trade short 1.0032766150212815
1.0084 2023-03-10 15:11:37 buy order 
1.0056 2023-03-10 15:12:00 closing trade long 1.0028516150212814
1.0063 2023-03-10 15:12:37 sell order 
1.0063 2023-03-10 15:12:39 closing trade short 1.0030266150212814
1.005 2023-03-10 15:14:28 sell order 
1.0009 2023-03-10 15:16:59 closing trade short 1.0017016150212814
1.0021 2023-03-10 15:20:23 buy order 
1.0029 2023-03-10 15:21:30 closing trade long 1.0022016150212814
1.0027 2023-03-10 15:21:31 sell order 
1.0009 2023-03-10 15:27:48 closing trade short 1.0016766150212812
1.0025 2023-03-10 15:29:44 buy order 
1.0084 2023-03-10 15:33:00 closing trade long 1.0034516150212813
1.0084 2023-03-10 15:39:30 sell order 
1.0115 2023-03-10 15:40:38 closing trade short 1.0043266150212813
1.0143 2023-03-10 15:41:59 buy order 
1.0201 2023-03-10 15:42:42 closing trade long 1.0064766150212814
1.0365 2023-03-10 15:51:46 sell order 
1.0395 2023-03-10 15:52:04 closing trade short 1.0113766150212813
1.0393 2023-03-10 15:52:06 buy order 
1.039 2023-03-10 15:52:07 closing trade long 1.0112766150212813
1.0405 2023-03-10 15:56:01 sell order 
1.0386 2023-03-10 15:56:46 closing trade short 1.0111016150212815
1.0403 2023-03-10 15:57:22 buy order 
1.0403 2023-03-10 15:57:24 closing trade long 1.0115266150212814
1.04 2023-03-10 15:59:13 sell order 
1.0411 2023-03-10 15:59:24 closing trade short 1.0116266150212814
1.0412 2023-03-10 15:59:25 buy order 
1.0386 2023-03-10 16:00:40 closing trade long 1.018463711265961
1.0387 2023-03-10 16:03:45 sell order 
1.0398 2023-03-10 16:03:57 closing trade short 1.018788711265961
1.0404 2023-03-10 16:04:10 buy order 
1.0386 2023-03-10 16:04:59 closing trade long 1.018463711265961
1.0385 2023-03-10 16:04:59 sell order 
1.0385 2023-03-10 16:06:34 closing trade short 1.018388711265961
1.0394 2023-03-10 16:10:36 buy order 
1.0382 2023-03-10 16:11:19 closing trade long 1.018363711265961
1.0383 2023-03-10 16:11:24 sell order 
1.0388 2023-03-10 16:11:38 closing trade short 1.018513711265961
1.0389 2023-03-10 16:11:46 buy order 
1.0379 2023-03-10 16:15:05 closing trade long 1.0182887112659609
1.037 2023-03-10 16:15:08 sell order 
1.035 2023-03-10 16:18:08 closing trade short 1.017563711265961
1.0373 2023-03-10 16:18:48 buy order 
1.0363 2023-03-10 16:19:30 closing trade long 1.017888711265961
1.0355 2023-03-10 16:20:06 sell order 
1.0381 2023-03-10 16:20:22 closing trade short 1.018338711265961
1.0393 2023-03-10 16:20:30 buy order 
1.0446 2023-03-10 16:22:14 closing trade long 1.019963711265961
1.0487 2023-03-10 16:29:13 sell order 
1.0514 2023-03-10 16:30:21 closing trade short 1.021663711265961
1.0536 2023-03-10 16:31:17 buy order 
1.0518 2023-03-10 16:31:55 closing trade long 1.021763711265961
1.0506 2023-03-10 16:32:09 sell order 
1.0503 2023-03-10 16:32:29 closing trade short 1.021388711265961
1.0509 2023-03-10 16:32:31 buy order 
1.052 2023-03-10 16:34:27 closing trade long 1.0217137112659609
1.0523 2023-03-10 16:34:48 sell order 
1.0477 2023-03-10 16:35:30 closing trade short 1.020738711265961
1.0507 2023-03-10 16:38:38 buy order 
1.0479 2023-03-10 16:39:32 closing trade long 1.020813711265961
1.0466 2023-03-10 16:39:37 sell order 
1.0494 2023-03-10 16:40:33 closing trade short 1.021163711265961
1.0517 2023-03-10 16:40:43 buy order 
1.0498 2023-03-10 16:42:00 closing trade long 1.021263711265961
1.0498 2023-03-10 16:42:00 sell order 
1.0524 2023-03-10 16:42:33 closing trade short 1.0219137112659609
1.052 2023-03-10 16:42:45 buy order 
1.0488 2023-03-10 16:43:09 closing trade long 1.021013711265961
1.0501 2023-03-10 16:44:03 sell order 
1.0527 2023-03-10 16:44:28 closing trade short 1.022088711265961
1.0522 2023-03-10 16:44:29 buy order 
1.0507 2023-03-10 16:44:51 closing trade long 1.021438711265961
1.0508 2023-03-10 16:45:49 sell order 
1.0453 2023-03-10 16:48:09 closing trade short 1.020188711265961
1.0382 2023-03-10 16:54:43 sell order 
1.0392 2023-03-10 16:56:27 closing trade short 1.018613711265961
1.0388 2023-03-10 16:56:29 buy order 
1.0364 2023-03-10 16:58:20 closing trade long 1.017938711265961
1.0363 2023-03-10 17:00:09 sell order 
1.036 2023-03-10 17:00:38 closing trade short 1.017938711265961
1.0263 2023-03-10 17:06:52 buy order 
1.0241 2023-03-10 17:07:50 closing trade long 1.014838711265961
1.0236 2023-03-10 17:08:17 sell order 
1.0202 2023-03-10 17:10:43 closing trade short 1.013838711265961
1.0208 2023-03-10 17:11:40 buy order 
1.0233 2023-03-10 17:12:25 closing trade long 1.014638711265961
1.0223 2023-03-10 17:14:23 sell order 
1.0225 2023-03-10 17:15:08 closing trade short 1.014438711265961
1.0225 2023-03-10 17:15:09 buy order 
1.022 2023-03-10 17:15:21 closing trade long 1.014313711265961
1.0228 2023-03-10 17:15:22 sell order 
1.0241 2023-03-10 17:15:30 closing trade short 1.014838711265961
1.0241 2023-03-10 17:15:32 buy order 
1.0262 2023-03-10 17:17:41 closing trade long 1.015363711265961
1.0248 2023-03-10 17:19:24 sell order 
1.0263 2023-03-10 17:20:21 closing trade short 1.015388711265961
1.0251 2023-03-10 17:20:31 buy order 
1.0278 2023-03-10 17:21:46 closing trade long 1.015788711265961
1.0257 2023-03-10 17:23:41 sell order 
1.0229 2023-03-10 17:25:53 closing trade short 1.014538711265961
1.0233 2023-03-10 17:27:12 buy order 
1.0221 2023-03-10 17:28:23 closing trade long 1.014338711265961
1.0216 2023-03-10 17:28:35 sell order 
1.0245 2023-03-10 17:30:00 closing trade short 1.014938711265961
1.0264 2023-03-10 17:30:06 buy order 
1.0244 2023-03-10 17:31:02 closing trade long 1.014913711265961
1.0332 2023-03-10 17:36:06 buy order 
1.0326 2023-03-10 17:37:14 closing trade long 1.0169637112659609
1.0323 2023-03-10 17:37:31 sell order 
1.0344 2023-03-10 17:39:26 closing trade short 1.017413711265961
1.0344 2023-03-10 17:39:27 buy order 
1.0355 2023-03-10 17:41:25 closing trade long 1.017763711265961
1.0345 2023-03-10 17:42:00 sell order 
1.0366 2023-03-10 17:42:10 closing trade short 1.017963711265961
1.0364 2023-03-10 17:42:11 buy order 
1.035 2023-03-10 17:43:23 closing trade long 1.017638711265961
1.035 2023-03-10 17:43:23 sell order 
1.0357 2023-03-10 17:43:50 closing trade short 1.017888711265961
1.0349 2023-03-10 17:44:13 buy order 
1.0377 2023-03-10 17:45:30 closing trade long 1.018238711265961
1.0416 2023-03-10 17:49:18 sell order 
1.0399 2023-03-10 17:51:57 closing trade short 1.018788711265961
1.0339 2023-03-10 17:56:47 buy order 
1.0325 2023-03-10 17:57:39 closing trade long 1.016938711265961
1.0325 2023-03-10 17:57:39 sell order 
1.0295 2023-03-10 17:59:58 closing trade short 1.0161887112659609
1.0296 2023-03-10 18:00:01 buy order 
1.0326 2023-03-10 18:02:16 closing trade long 1.0202915334494707
1.0317 2023-03-10 18:03:16 sell order 
1.0324 2023-03-10 18:03:41 closing trade short 1.0202415334494708
1.0336 2023-03-10 18:04:37 buy order 
1.0335 2023-03-10 18:04:58 closing trade long 1.0205415334494707
1.0324 2023-03-10 18:06:11 sell order 
1.0343 2023-03-10 18:07:15 closing trade short 1.0207165334494706
1.0341 2023-03-10 18:07:16 buy order 
1.0367 2023-03-10 18:09:42 closing trade long 1.0213165334494707
1.037 2023-03-10 18:11:41 sell order 
1.0353 2023-03-10 18:13:24 closing trade short 1.0209665334494706
1.0298 2023-03-10 18:19:41 buy order 
1.0299 2023-03-10 18:20:26 closing trade long 1.0196165334494707
1.0281 2023-03-10 18:22:23 sell order 
1.0281 2023-03-10 18:22:53 closing trade short 1.0191665334494706
1.0285 2023-03-10 18:26:23 buy order 
1.0269 2023-03-10 18:26:40 closing trade long 1.0188665334494706
1.0269 2023-03-10 18:26:40 sell order 
1.0279 2023-03-10 18:29:07 closing trade short 1.0191165334494707
1.0279 2023-03-10 18:29:08 buy order 
1.0294 2023-03-10 18:30:22 closing trade long 1.0194915334494707
1.0277 2023-03-10 18:32:20 sell order 
1.0283 2023-03-10 18:33:16 closing trade long 1.0192165334494707
1.0283 2023-03-10 18:33:16 sell order 
1.0278 2023-03-10 18:37:12 closing trade long 1.0190915334494708
1.0342 2023-03-10 18:42:08 buy order 
1.0346 2023-03-10 18:45:14 closing trade long 1.0337130912244308
1.0302 2023-03-10 18:52:02 sell order 
1.0293 2023-03-10 18:55:14 closing trade short 1.0300703500973811
1.0316 2023-03-10 19:03:02 buy order 
1.0334 2023-03-10 19:06:13 closing trade long 1.0326124519547704
1.0325 2023-03-10 19:08:46 buy order 
1.0356 2023-03-10 19:11:23 closing trade long 1.034875293774423
1.0333 2023-03-10 19:21:16 buy order 
1.0324 2023-03-10 19:22:19 closing trade long 1.0332172824957986
1.0317 2023-03-10 19:23:57 sell order 
1.0277 2023-03-10 19:27:36 closing trade short 1.0293998775844524
1.0343 2023-03-10 19:46:02 buy order 
1.0461 2023-03-10 19:52:38 closing trade long 1.0430157615419855
1.0444 2023-03-10 20:05:42 buy order 
1.0507 2023-03-10 20:08:59 closing trade long 1.0476056859515084
1.0506 2023-03-10 20:17:03 buy order
1.0481 2023-03-10 20:30:10 closing trade long 1.0486016858777265
1.031 2023-03-10 21:33:37 sell order 
1.0349 2023-03-10 21:34:37 closing trade short 1.0329142276812422
1.0347 2023-03-10 21:48:02 buy order 
1.0503 2023-03-10 21:59:57 closing trade long 1.0457321652855682
1.0605 2023-03-10 22:12:01 buy order 
1.0597 2023-03-10 22:15:31 closing trade long 1.0604431505836311
1.0599 2023-03-10 22:27:00 buy order 
1.0606 2023-03-10 22:30:01 closing trade long 1.0607504221088826
1.068 2023-03-10 23:02:02 buy order 
1.0664 2023-03-10 23:11:02 closing trade long 1.0671156305425418
1.0652 2023-03-10 23:11:05 sell order 
1.067 2023-03-10 23:11:53 closing trade short 1.0671406305425417
1.0591 2023-03-10 23:30:16 sell order 
1.063 2023-03-10 23:33:02 closing trade short 1.0613933439697403
1.063 2023-03-10 23:33:03 buy order 
1.0633 2023-03-10 23:35:37 closing trade long 1.062143130982979
1.0635 2023-03-10 23:44:07 buy order 
1.0648 2023-03-10 23:49:29 closing trade long 1.0651410369155165
1.0585 2023-03-11 00:03:10 sell order 
1.0564 2023-03-11 00:12:42 closing trade short 1.0562148997728615
1.0535 2023-03-11 00:15:06 sell order 
1.0537 2023-03-11 00:17:40 closing trade short 1.0547019000437552
1.0566 2023-03-11 00:45:15 sell order 
1.0604 2023-03-11 00:47:01 closing trade short 1.0592060478479728
1.061 2023-03-11 00:47:11 buy order 
1.0609 2023-03-11 00:51:35 closing trade long 1.0618774995143976
1.0653 2023-03-11 00:54:50 buy order 
1.0633 2023-03-11 00:57:06 closing trade long 1.0631391106313464
1.0657 2023-03-11 00:59:02 buy order 
1.0637 2023-03-11 01:01:33 closing trade long 1.0634501678169497
1.0735 2023-03-11 01:30:37 closing trade long 1.0718320020641232
1.091 2023-03-11 01:47:59 buy order 
1.0853 2023-03-11 01:54:28 closing trade long 1.0882830749554244
1.0866 2023-03-11 01:54:31 closing trade short 1.0886330749554245
1.0914 2023-03-11 01:55:16 buy order 
1.0906 2023-03-11 01:57:36 closing trade long 1.0911889534968195
1.0855 2023-03-11 02:08:07 sell order 
1.0794 2023-03-11 02:13:36 closing trade short 1.0813483172953615
1.0791 2023-03-11 02:18:02 sell order 
1.0787 2023-03-11 02:20:37 closing trade short 1.079120454096982
1.0775 2023-03-11 02:28:01 sell order 
1.077 2023-03-11 02:30:43 closing trade short 1.0776009170236325
1.0726 2023-03-11 02:40:01 sell order 
1.0717 2023-03-11 02:42:29 closing trade short 1.0726081234406803
1.0731 2023-03-11 02:50:45 sell order 
1.072 2023-03-11 03:01:02 closing trade short 1.071183382258181
1.0719 2023-03-11 03:01:03 buy order 
1.071 2023-03-11 03:01:22 closing trade long 1.070933382258181
1.0683 2023-03-11 03:02:37 sell order 
1.0675 2023-03-11 03:09:26 closing trade short 1.0674598979338978
1.0654 2023-03-11 03:22:34 sell order 
1.0626 2023-03-11 03:34:36 closing trade short 1.0628397354699408
1.0638 2023-03-11 03:39:40 sell order 
1.0648 2023-03-11 03:40:01 closing trade short 1.0643242412494107
1.0648 2023-03-11 03:40:03 buy order 
1.0636 2023-03-11 03:41:38 closing trade long 1.0642744309370582
1.0635 2023-03-11 03:44:53 sell order 
1.0659 2023-03-11 03:48:27 closing trade short 1.0642068850988369
1.0656 2023-03-11 03:48:36 buy order 
1.0652 2023-03-11 03:48:43 closing trade long 1.0640318850988368
1.0634 2023-03-11 03:54:07 sell order 
1.0643 2023-03-11 03:54:38 closing trade short 1.0641512803313116
1.0615 2023-03-11 03:59:25 sell order 
1.0591 2023-03-11 04:04:37 closing trade short 1.0597777444861256
1.0509 2023-03-11 04:08:47 sell order 
1.0518 2023-03-11 04:09:41 closing trade short 1.0537459637794224
1.0469 2023-03-11 04:14:59 sell order 
1.048 2023-03-11 04:15:38 closing trade short 1.0485700763171872
1.0523 2023-03-11 04:34:18 sell order 
1.0502 2023-03-11 04:39:45 closing trade short 1.0510510978747816
1.0547 2023-03-11 04:54:15 buy order 
1.0525 2023-03-11 05:03:00 closing trade long 1.0533006510220524
1.0574 2023-03-11 05:22:30 closing trade short 1.0561863373905622
1.0584 2023-03-11 05:23:11 buy order 
1.0598 2023-03-11 05:25:53 closing trade long 1.0587079079616433
1.0582 2023-03-11 05:44:06 sell order 
1.0596 2023-03-11 05:58:01 closing trade short 1.0582715278318249
1.0595 2023-03-11 05:58:03 buy order 
1.0581 2023-03-11 06:00:02 closing trade long 1.0582714844054015
1.0562 2023-03-11 06:12:43 sell order 
1.058 2023-03-11 06:15:14 closing trade short 1.0575164197835232
1.0521 2023-03-11 06:26:37 sell order 
1.051 2023-03-11 06:29:40 closing trade short 1.0523351404247454
1.0468 2023-03-11 06:47:02 sell order 
1.0503 2023-03-11 06:48:06 closing trade short 1.0486401143480815
1.0516 2023-03-11 06:48:26 buy order 
1.0528 2023-03-11 06:49:01 closing trade long 1.0501488357610609
1.0526 2023-03-11 07:01:59 buy order 
1.0549 2023-03-11 07:07:35 buy order 
1.0544 2023-03-11 07:10:46 buy order 
1.0554 2023-03-11 07:11:02 buy order 
1.0494 2023-03-11 07:13:10 sell order 
1.0507 2023-03-11 07:13:26 closing trade short 1.0524663803775727
