1.1819 2023-03-15 13:37:02 buy order  backtest 
1.1648 2023-03-15 14:01:53 closing trade long  backtest 1.1734715147138346
1.1748 2023-03-15 14:22:04 sell order  backtest 
1.1698 2023-03-15 14:24:05 closing trade short  backtest 1.1717583350690808
1.1521 2023-03-15 15:20:03 buy order 
1.1466 2023-03-15 15:22:02 closing trade long 1.1478813940162367
1.1096 2023-03-15 16:16:40 sell order  backtest 
1.1059 2023-03-15 16:18:46 closing trade short  backtest 1.1073298925446187
1.1108 2023-03-15 16:34:04 sell order 
1.1062 2023-03-15 16:37:51 closing trade short 1.1074254467840838
1.0964 2023-03-15 17:06:52 buy order  backtest 
1.0965 2023-03-15 17:15:42 closing trade long  backtest 1.0940490869593285
1.0936 2023-03-15 17:42:43 sell order 
1.1009 2023-03-15 17:51:04 closing trade short 1.0968115663057108
1.0955 2023-03-15 18:12:04 buy order  backtest 
1.1038 2023-03-15 18:24:43 closing trade long  backtest 1.098650169326432
1.1103 2023-03-15 19:05:03 buy order 
1.1124 2023-03-15 19:13:41 closing trade long 1.112724495413771
1.1131 2023-03-15 19:40:08 buy order 
1.1075 2023-03-15 19:48:37 closing trade long 1.1125247940883387
1.1158 2023-03-15 19:58:03 buy order  backtest 
1.1128 2023-03-15 20:09:27 closing trade long  backtest 1.1138719968925834
1.1241 2023-03-15 22:30:02 buy order  backtest 
1.1175 2023-03-15 22:40:38 closing trade long  backtest 1.121760831656225
1.12 2023-03-15 23:22:03 buy order  backtest 
1.1155 2023-03-15 23:28:37 closing trade long  backtest 1.1173543951165137
1.119 2023-03-16 00:05:02 sell order  backtest 
1.1144 2023-03-16 00:08:04 closing trade short  backtest 1.1157492814806544
1.1158 2023-03-16 00:34:03 buy order 
1.1173 2023-03-16 00:37:36 closing trade long 1.1192966139813612
1.1143 2023-03-16 01:22:38 sell order 
1.1107 2023-03-16 01:26:38 closing trade short 1.1105997243489016
1.1202 2023-03-16 03:12:00 sell order  backtest 
1.123 2023-03-16 04:08:05 closing trade short  backtest 1.1205552749392447
1.1179 2023-03-16 05:22:02 buy order  backtest 
1.1245 2023-03-16 05:36:38 closing trade long  backtest 1.1215743112120728
1.1311 2023-03-16 09:08:02 sell order 
1.1342 2023-03-16 09:42:04 closing trade short 1.1296203038389463
1.1339 2023-03-16 10:02:44 buy order  backtest 
1.1416 2023-03-16 10:04:14 closing trade long  backtest 1.1383502156553242
1.1404 2023-03-16 12:30:02 buy order 
1.1361 2023-03-16 12:31:58 closing trade long 1.1376924428358877
1.1394 2023-03-16 16:26:02 sell order  backtest 
1.1376 2023-03-16 16:31:39 closing trade short  backtest 1.1372752458277755
1.1331 2023-03-16 18:52:08 sell order 
1.1376 2023-03-16 18:55:37 closing trade short 1.136843323435072
1.1451 2023-03-17 01:18:02 sell order  backtest 
1.1568 2023-03-17 01:37:26 closing trade short  backtest 1.1499408313939474
1.1718 2023-03-17 03:08:19 sell order  backtest 
1.1677 2023-03-17 03:14:57 closing trade short  backtest 1.168082235835079
1.18 2023-03-17 07:19:37 buy order reversed false. 
1.1837 2023-03-17 07:36:06 closing trade long 1.1827995549796944
1.1834 2023-03-17 08:33:12 buy order  backtest 
1.1867 2023-03-17 09:05:25 closing trade long  backtest 1.1847576527515946
1.2063 2023-03-17 11:04:01 buy order 
1.2102 2023-03-17 11:07:03 closing trade long 1.2095405819668503
1.1895 2023-03-17 14:04:02 sell order 
1.1865 2023-03-17 14:10:40 closing trade short 1.1877635802141906
1.1736 2023-03-17 14:59:40 sell order 
1.1798 2023-03-17 15:14:35 closing trade short 1.1746422716038754
1.1776 2023-03-17 16:37:35 buy order  backtest 
1.1827 2023-03-17 17:37:38 closing trade short  backtest 1.1848138458515491
1.1877 2023-03-17 21:49:02 buy order 
1.1931 2023-03-17 21:51:42 closing trade long 1.1923155516861603
1.2172 2023-03-17 23:23:28 buy order 
1.2205 2023-03-17 23:26:38 closing trade long 1.2217665752892966
1.225 2023-03-18 01:32:48 buy order 
1.2285 2023-03-18 01:36:19 closing trade long 1.22932892710982
1.23 2023-03-18 02:14:08 sell order 
1.2372 2023-03-18 02:21:43 closing trade short 1.2298566951490255
