1.2581 2023-02-25 15:30:04 buy order 1.2571503976270029
1.2584 2023-02-25 15:30:45 closing trade 1.257225397627003
1.2594 2023-02-25 15:31:19 buy order 1.257475397627003
1.2593 2023-02-25 15:31:49 closing trade 1.2574503976270028
1.2584 2023-02-25 15:32:00 sell order 1.257225397627003
1.2579 2023-02-25 15:32:40 closing trade 1.257100397627003
1.258 2023-02-25 15:33:01 buy order 1.2573440482202523
1.2577 2023-02-25 15:33:31 closing trade 1.2572690482202522
1.2581 2023-02-25 15:34:25 buy order 1.2574973233033417
1.2577 2023-02-25 15:34:49 closing trade 1.2574973233033417
1.2564 2023-02-25 15:35:16 sell order 1.2572706566366751
1.2549 2023-02-25 15:36:41 closing trade 1.2568274579740075
1.2489 2023-02-25 16:00:06 sell order 1.2507978940626356
1.2491 2023-02-25 16:00:41 sell order 1.2508245607293023
1.2499 2023-02-25 16:00:47 closing trade 1.250931227395969
1.2499 2023-02-25 16:00:49 buy order 1.250931227395969
1.2497 2023-02-25 16:00:54 closing trade 1.2509045607293023
1.2493 2023-02-25 16:01:15 sell order 1.2508512273959689
1.2492 2023-02-25 16:01:27 closing trade 1.2508378940626357
1.2497 2023-02-25 16:01:37 buy order 1.2509045607293023
1.2494 2023-02-25 16:01:42 closing trade 1.2508645607293023
1.2496 2023-02-25 16:02:03 buy order 1.250891227395969
1.2496 2023-02-25 16:02:20 buy order 1.2487358531973787
1.2486 2023-02-25 16:02:23 closing trade 1.2485625198640453
1.2486 2023-02-25 16:02:23 sell order 1.2485625198640453
1.2481 2023-02-25 16:02:39 closing trade 1.2484958531973787
1.2494 2023-02-25 16:03:07 buy order 1.2486972949932829
1.2494 2023-02-25 16:03:12 closing trade 1.2486972949932829
1.2494 2023-02-25 16:03:14 sell order 1.2486972949932829
1.2497 2023-02-25 16:03:17 closing trade 1.248737294993283
1.2486 2023-02-25 16:03:25 sell order 1.2486306283266162
1.2486 2023-02-25 16:03:36 closing trade 1.2485506283266163
1.2482 2023-02-25 16:03:52 sell order 1.248537294993283
1.2473 2023-02-25 16:04:08 closing trade 1.2483261001052897
1.247 2023-02-25 16:04:13 sell order 1.2482861001052898
1.2467 2023-02-25 16:04:23 closing trade 1.2482461001052898
1.2475 2023-02-25 16:04:29 buy order 1.2483527667719565
1.2477 2023-02-25 16:04:40 closing trade 1.2483794334386231
1.2481 2023-02-25 16:05:01 sell order 1.2483883978690284
1.2481 2023-02-25 16:05:06 closing trade 1.2483883978690284
1.2493 2023-02-25 16:06:03 buy order 1.2485792781531582
1.2493 2023-02-25 16:06:11 closing trade 1.2485792781531582
1.2499 2023-02-25 16:06:16 buy order 1.248659278153158
1.2503 2023-02-25 16:06:29 closing trade 1.2487126114864915
1.25 2023-02-25 16:07:02 buy order 1.2488495966216269
1.2501 2023-02-25 16:07:12 closing trade 1.2488629299549603
1.25 2023-02-25 16:07:44 buy order 1.2488495966216269
1.25 2023-02-25 16:07:49 closing trade 1.2488495966216269
1.2504 2023-02-25 16:08:03 buy order 1.2490794281831887
1.2502 2023-02-25 16:08:08 closing trade 1.2490527615165221
1.2498 2023-02-25 16:08:11 sell order 1.2489994281831889
1.2502 2023-02-25 16:08:16 closing trade 1.2490527615165221
1.2504 2023-02-25 16:08:19 buy order 1.2490794281831887
1.2516 2023-02-25 16:08:35 closing trade 1.249239428183189
1.251 2023-02-25 16:08:43 sell order 1.2491594281831888
1.2514 2023-02-25 16:08:48 buy order 1.2492127615165223
1.2515 2023-02-25 16:08:56 closing trade 1.2492260948498555
1.2515 2023-02-25 16:09:01 buy order 1.2495292822032085
1.2515 2023-02-25 16:09:08 closing trade 1.2495292822032085
1.2522 2023-02-25 16:10:03 buy order 1.2499200445761145
1.2526 2023-02-25 16:10:14 closing trade 1.2499733779094477
1.2532 2023-02-25 16:10:16 buy order 1.2500533779094478
1.2532 2023-02-25 16:10:23 closing trade 1.2500533779094478
1.2534 2023-02-25 16:10:36 buy order 1.2501600445761145
1.254 2023-02-25 16:10:41 closing trade 1.2501200445761145
1.2545 2023-02-25 16:11:00 buy order 1.2502267112427812
1.2549 2023-02-25 16:11:15 closing trade 1.2508498164104105
1.2553 2023-02-25 16:11:24 buy order 1.250903149743744
1.2553 2023-02-25 16:11:29 closing trade 1.250903149743744
1.2556 2023-02-25 16:11:53 buy order 1.250943149743744
1.2553 2023-02-25 16:11:58 closing trade 1.250903149743744
1.2553 2023-02-25 16:12:02 buy order 1.2514893964445795
1.2553 2023-02-25 16:12:07 closing trade 1.2514893964445795
1.2557 2023-02-25 16:12:09 buy order 1.2515427297779127
1.2556 2023-02-25 16:12:14 closing trade 1.2515293964445795
1.2566 2023-02-25 16:12:30 buy order 1.2516627297779128
1.2556 2023-02-25 16:12:36 closing trade 1.2515293964445795
1.2556 2023-02-25 16:12:36 sell order 1.2515293964445795
1.256 2023-02-25 16:12:41 buy order 1.2515827297779127
1.2566 2023-02-25 16:12:54 closing trade 1.2516627297779128
1.2566 2023-02-25 16:12:57 sell order 1.2516627297779128
1.2571 2023-02-25 16:13:00 buy order 1.2517293964445795
1.257 2023-02-25 16:13:08 closing trade 1.2524188102519695
1.2576 2023-02-25 16:13:16 buy order 1.2525121435853028
1.2573 2023-02-25 16:13:21 closing trade 1.2524721435853028
1.2567 2023-02-25 16:13:38 sell order 1.2523921435853027
1.2559 2023-02-25 16:13:57 closing trade 1.2522321435853028
1.256 2023-02-25 16:13:59 buy order 1.2522988102519694
1.256 2023-02-25 16:14:07 closing trade 1.2527923022183742
1.2566 2023-02-25 16:14:12 buy order 1.2528723022183743
1.2579 2023-02-25 16:14:34 closing trade 1.2530456355517077
1.2577 2023-02-25 16:14:56 sell order 1.2529656355517076
1.2582 2023-02-25 16:15:01 buy order 1.25376755081148
1.2584 2023-02-25 16:15:08 closing trade 1.2537942174781467
1.2584 2023-02-25 16:15:14 buy order 1.2537942174781467
1.2585 2023-02-25 16:15:17 closing trade 1.25380755081148
1.2585 2023-02-25 16:15:22 buy order 1.25380755081148
1.2585 2023-02-25 16:15:25 closing trade 1.25380755081148
1.2592 2023-02-25 16:16:03 buy order 1.2545460995921716
1.2593 2023-02-25 16:16:14 closing trade 1.2545860995921716
1.2597 2023-02-25 16:16:27 buy order 1.2546394329255048
1.2594 2023-02-25 16:16:32 closing trade 1.2545860995921716
1.2594 2023-02-25 16:16:32 sell order 1.2545727662588382
1.2592 2023-02-25 16:16:38 closing trade 1.2545994329255048
1.2596 2023-02-25 16:16:40 buy order 1.2546260995921716
1.2591 2023-02-25 16:16:45 closing trade 1.254559432925505
1.2591 2023-02-25 16:16:45 sell order 1.254559432925505
1.2595 2023-02-25 16:16:50 closing trade 1.2546127662588382
1.2596 2023-02-25 16:17:02 buy order 1.2552892863132155
1.2594 2023-02-25 16:17:07 closing trade 1.2552626196465488
1.2604 2023-02-25 16:17:15 buy order 1.2553826196465487
1.2593 2023-02-25 16:18:17 buy order 1.2558720481381207
1.2566 2023-02-25 16:20:39 sell order 1.2558937606015217
1.2566 2023-02-25 16:20:44 closing trade 1.2558937606015217
1.2566 2023-02-25 16:21:01 buy order 1.2559879258546527
1.2557 2023-02-25 16:21:07 closing trade 1.2558679258546528
1.2557 2023-02-25 16:21:07 sell order 1.2558679258546528
1.2562 2023-02-25 16:21:12 closing trade 1.255921259187986
1.2553 2023-02-25 16:21:17 sell order 1.2558145925213193
1.2536 2023-02-25 16:22:44 sell order 1.255438424629588
1.2543 2023-02-25 16:22:49 buy order 1.2555317579629213
1.2545 2023-02-25 16:22:54 closing trade long 1.2555584246295879
1.2544 2023-02-25 16:23:02 sell order 1.2553924124567533
1.2555 2023-02-25 16:23:18 buy order 1.25553907912342
1.2549 2023-02-25 16:23:22 closing trade long 1.25545907912342
1.2549 2023-02-25 16:23:24 sell order 1.25545907912342
1.2522 2023-02-25 16:25:05 sell order 1.2545377675786273
1.2517 2023-02-25 16:26:03 sell order 1.2541131763459212
1.2541 2023-02-25 16:28:46 closing trade short 1.2540513487516765
1.255 2023-02-25 16:29:03 buy order 1.254293391140342
1.2541 2023-02-25 16:29:38 closing trade long 1.254173391140342
1.2535 2023-02-25 16:29:45 sell order 1.254093391140342
1.2546 2023-02-25 16:31:46 closing trade short 1.254106769345412
1.2531 2023-02-25 16:33:25 sell order 1.253821745424341
1.2535 2023-02-25 16:35:43 closing trade short 1.2534606693011918
1.2546 2023-02-25 16:35:55 buy order 1.2537356693011916
1.2574 2023-02-25 16:37:29 buy order 1.2552263139819204
1.256 2023-02-25 16:41:48 closing trade long 1.2560862555958419
1.2558 2023-02-25 16:41:51 sell order 1.2560362555958418
1.2562 2023-02-25 16:42:04 closing trade short 1.2560959416968815
1.2562 2023-02-25 16:42:06 buy order 1.2560959416968815
1.2574 2023-02-25 16:42:56 buy order 1.2566608279665488
1.2571 2023-02-25 16:43:35 buy order 1.256961820774815
1.2567 2023-02-25 16:44:06 closing trade long 1.256809092464889
1.2567 2023-02-25 16:44:06 sell order 1.256809092464889
1.2569 2023-02-25 16:44:35 closing trade short 1.256889092464889
1.2569 2023-02-25 16:44:37 buy order 1.256889092464889
1.2573 2023-02-25 16:44:58 buy order 1.2568533275425735
1.2569 2023-02-25 16:46:01 buy order 1.2568125831150287
1.2561 2023-02-25 16:46:36 closing trade long 1.2566125831150288
1.2561 2023-02-25 16:46:38 sell order 1.2566125831150288
1.2565 2023-02-25 16:48:33 buy order 1.2560711405022038
1.2556 2023-02-25 16:48:38 closing trade long 1.255846140502204
1.2556 2023-02-25 16:48:38 sell order 1.255846140502204
1.2497 2023-02-25 16:59:51 buy order 1.2494497226480352
1.249 2023-02-25 16:59:59 closing trade long 1.2492747226480352
1.249 2023-02-25 16:59:59 sell order 1.2492747226480352
1.2493 2023-02-25 17:02:03 buy order 1.24916277361714
1.2489 2023-02-25 17:02:16 closing trade long 1.24906277361714
1.2489 2023-02-25 17:02:16 sell order 1.24906277361714
1.2487 2023-02-25 17:04:53 buy order 1.2484587476596412
1.249 2023-02-25 17:06:46 closing trade long 1.2490002330585481
1.249 2023-02-25 17:06:46 sell order 1.2490002330585481
1.25 2023-02-25 17:06:57 buy order 1.2492502330585482
1.2534 2023-02-25 17:18:08 closing trade long 1.253342399156503
1.2525 2023-02-25 17:18:16 sell order 1.253117399156503
1.2488 2023-02-25 17:28:54 buy order 1.2487048537996217
1.2483 2023-02-25 17:30:22 closing trade long 1.2486777302622871
1.2483 2023-02-25 17:30:23 sell order 1.2486777302622871
1.2472 2023-02-25 17:34:02 buy order 1.2471865084033018
1.2489 2023-02-25 17:38:03 closing trade long 1.2490135046119821
1.2488 2023-02-25 17:38:03 sell order 1.2490135046119821
1.2483 2023-02-25 17:42:50 buy order 1.2476468510686352
1.247 2023-02-25 17:44:00 closing trade long 1.2475601383014763
1.247 2023-02-25 17:44:00 sell order 1.2475601383014763
1.2478 2023-02-25 17:44:20 buy order 1.2476201037261072
1.2478 2023-02-25 17:45:34 closing trade long 1.2477775777945805
1.2475 2023-02-25 17:45:41 sell order 1.2477025777945805
1.2479 2023-02-25 17:45:51 buy order 1.2478025777945805
1.2472 2023-02-25 17:46:16 closing trade long 1.2476706833459352
1.2472 2023-02-25 17:46:16 sell order 1.2476706833459352
1.2474 2023-02-25 17:49:01 buy order 1.2471309914115662
1.2462 2023-02-25 17:49:49 closing trade long 1.2468309914115663
1.2462 2023-02-25 17:49:49 sell order 1.2468309914115663
1.2462 2023-02-25 17:51:26 closing trade short 1.246348682669006
1.2464 2023-02-25 17:51:40 buy order 1.2463986826690059
1.2463 2023-02-25 17:51:42 closing trade long 1.246373682669006
1.2463 2023-02-25 17:51:42 sell order 1.246373682669006
1.2464 2023-02-25 17:51:47 buy order 1.2463986826690059
1.2461 2023-02-25 17:51:50 closing trade long 1.246323682669006
1.2461 2023-02-25 17:51:50 sell order 1.246323682669006
1.2463 2023-02-25 17:52:24 buy order 1.2462240120017545
1.2463 2023-02-25 17:53:02 closing trade long 1.2463742590013158
1.2463 2023-02-25 17:53:02 sell order 1.2463742590013158
1.2468 2023-02-25 17:53:21 buy order 1.246499259001316
1.2481 2023-02-25 17:58:09 closing trade long 1.2481012890012888
1.2481 2023-02-25 17:58:09 sell order 1.2481012890012888
1.2486 2023-02-25 17:58:18 buy order 1.2482012890012888
1.2483 2023-02-25 18:01:00 closing trade long 1.248436662563225
1.2483 2023-02-25 18:01:00 sell order 1.2484024969224188
1.2441 2023-02-25 18:08:29 buy order 1.2437728812115068
1.2433 2023-02-25 18:08:37 closing trade long 1.2435728812115068
1.2433 2023-02-25 18:08:39 sell order 1.2435728812115068
1.2415 2023-02-25 18:14:26 buy order 1.2412680250007784
1.2417 2023-02-25 18:16:21 closing trade long 1.241846076562938
1.2417 2023-02-25 18:16:21 sell order 1.241846076562938
1.2356 2023-02-25 18:28:03 buy order 1.2348606165051272
1.2351 2023-02-25 18:30:39 closing trade long 1.235204409284134
1.2351 2023-02-25 18:30:39 sell order 1.235204409284134
1.2277 2023-02-25 18:40:26 buy order 1.227607907093829
1.2271 2023-02-25 18:40:31 closing trade long 1.227507907093829
1.2267 2023-02-25 18:40:31 sell order 1.227507907093829
1.2277 2023-02-25 18:40:36 buy order 1.2276579070938292
1.2281 2023-02-25 18:42:27 closing trade long 1.2283341352402788
1.2281 2023-02-25 18:42:27 sell order 1.2283341352402788
1.2288 2023-02-25 18:42:35 buy order 1.2285091352402788
1.23 2023-02-25 18:45:54 closing trade long 1.2300226039294926
1.23 2023-02-25 18:45:54 sell order 1.2300226039294926
1.2301 2023-02-25 18:45:59 buy order 1.2300476039294925
1.2303 2023-02-25 18:47:06 closing trade long 1.2302892772103395
1.2303 2023-02-25 18:47:06 sell order 1.2303642772103396
1.224 2023-02-25 18:55:06 buy order 1.2232742656368565
1.2232 2023-02-25 18:56:11 closing trade long 1.2233494492276424
1.2232 2023-02-25 18:56:11 sell order 1.2233494492276424
1.2236 2023-02-25 18:56:34 buy order 1.2233494492276424
1.223 2023-02-25 18:56:38 closing trade long 1.2232244492276425
1.223 2023-02-25 18:56:38 sell order 1.2232244492276425
1.2235 2023-02-25 18:56:44 buy order 1.2233494492276424
1.2232 2023-02-25 18:56:46 closing trade long 1.2232744492276426
1.2232 2023-02-25 18:56:48 sell order 1.2232744492276426
1.2236 2023-02-25 18:56:57 buy order 1.2233744492276424
1.2234 2023-02-25 18:57:27 closing trade long 1.2235120869207319
1.2234 2023-02-25 18:57:29 sell order 1.2235120869207319
1.2242 2023-02-25 18:57:44 buy order 1.2237120869207319
1.2231 2023-02-25 18:58:06 closing trade long 1.223696565190549
1.2229 2023-02-25 18:58:06 sell order 1.223671565190549
1.2243 2023-02-25 18:58:14 buy order 1.223946565190549
1.224 2023-02-25 18:58:15 closing trade long 1.2240965651905489
1.2238 2023-02-25 18:58:20 sell order 1.223846565190549
1.2243 2023-02-25 18:58:22 buy order 1.223971565190549
1.2233 2023-02-25 18:58:24 closing trade long 1.2237215651905489
1.2233 2023-02-25 18:58:24 sell order 1.2237215651905489
1.2239 2023-02-25 18:58:34 buy order 1.223871565190549
1.2233 2023-02-25 18:58:44 closing trade long 1.2237215651905489
1.2232 2023-02-25 18:58:44 sell order 1.2237215651905489
1.2243 2023-02-25 19:00:07 buy order 1.223721505419684
1.2238 2023-02-25 19:02:12 closing trade long 1.2244074092985722
1.2238 2023-02-25 19:02:12 sell order 1.2244074092985722
1.2235 2023-02-25 19:04:05 closing trade short 1.223560417730447
1.2228 2023-02-25 19:04:12 sell order 1.223385417730447
1.224 2023-02-25 19:04:18 buy order 1.223685417730447
1.2266 2023-02-25 19:11:38 closing trade long 1.2267550069321587
1.2266 2023-02-25 19:11:38 sell order 1.2267550069321587
1.2273 2023-02-25 19:11:53 buy order 1.2268550069321587
1.2272 2023-02-25 19:13:41 closing trade long 1.2275121913993392
1.2272 2023-02-25 19:13:41 sell order 1.2275121913993392
1.2278 2023-02-25 19:13:43 buy order 1.2276121913993392
1.2278 2023-02-25 19:14:47 closing trade long 1.2276966435495045
1.2276 2023-02-25 19:15:01 sell order 1.2276349826621282
1.2277 2023-02-25 19:15:04 buy order 1.2276599826621282
1.2273 2023-02-25 19:15:16 closing trade long 1.2275599826621284
1.2273 2023-02-25 19:15:16 sell order 1.2275599826621284
1.2277 2023-02-25 19:15:19 buy order 1.2276599826621282
1.2274 2023-02-25 19:16:40 closing trade long 1.2276387369965962
1.2274 2023-02-25 19:16:40 sell order 1.2276137369965963
1.2277 2023-02-25 19:16:48 buy order 1.2276887369965963
1.2275 2023-02-25 19:17:04 closing trade long 1.2276978027474472
1.2275 2023-02-25 19:17:06 sell order 1.2276978027474472
1.2173 2023-02-25 19:31:13 buy order 1.2172066478045067
1.2165 2023-02-25 19:31:15 closing trade long 1.2170066478045067
1.2165 2023-02-25 19:31:15 sell order 1.2170066478045067
1.2139 2023-02-25 19:34:35 buy order 1.2139895232925262
1.2141 2023-02-25 19:34:48 closing trade long 1.2139395232925263
1.2141 2023-02-25 19:34:48 sell order 1.2140395232925263
1.2145 2023-02-25 19:34:49 buy order 1.2140395232925263
1.214 2023-02-25 19:34:53 closing trade long 1.2140145232925263
1.214 2023-02-25 19:34:53 sell order 1.2140145232925263
1.2144 2023-02-25 19:34:54 buy order 1.2140395232925263
1.2145 2023-02-25 19:36:06 closing trade long 1.214620669352046
1.2145 2023-02-25 19:36:06 sell order 1.214620669352046
1.2149 2023-02-25 19:36:09 buy order 1.214720669352046
1.2147 2023-02-25 19:36:11 closing trade long 1.2145956693520459
1.2147 2023-02-25 19:36:11 sell order 1.214670669352046
1.2152 2023-02-25 19:36:13 buy order 1.214795669352046
1.2151 2023-02-25 19:37:11 closing trade long 1.2152092520140347
1.2151 2023-02-25 19:37:11 sell order 1.2152092520140347
1.2155 2023-02-25 19:37:12 closing trade short 1.2153092520140345
1.2155 2023-02-25 19:37:14 buy order 1.2153092520140345
1.2151 2023-02-25 19:37:29 closing trade long 1.2152092520140347
1.2151 2023-02-25 19:37:29 sell order 1.2152092520140347
1.2151 2023-02-25 19:38:17 buy order 1.214994439010526
1.2142 2023-02-25 19:38:24 closing trade long 1.214769439010526
1.2142 2023-02-25 19:38:26 sell order 1.214769439010526
1.2147 2023-02-25 19:38:40 buy order 1.2149694390105261
1.2147 2023-02-25 19:38:42 closing trade long 1.2148944390105259
1.2147 2023-02-25 19:38:42 sell order 1.2148944390105259
1.2155 2023-02-25 19:38:49 buy order 1.215094439010526
1.2148 2023-02-25 19:39:00 closing trade long 1.2148895792578944
1.2148 2023-02-25 19:39:01 sell order 1.2148895792578944
1.215 2023-02-25 19:40:40 buy order 1.214654684443421
1.2145 2023-02-25 19:40:42 closing trade long 1.2145296844434208
1.2145 2023-02-25 19:40:42 sell order 1.2145296844434208
1.2146 2023-02-25 19:41:05 closing trade short 1.2144722633325657
1.2146 2023-02-25 19:41:06 buy order 1.2144722633325657
1.2143 2023-02-25 19:41:50 closing trade long 1.2143972633325657
1.2143 2023-02-25 19:41:50 sell order 1.2143972633325657
1.2152 2023-02-25 19:42:00 closing trade short 1.2143972633325657
1.2144 2023-02-25 19:42:03 sell order 1.2145666974994245
1.2149 2023-02-25 19:42:15 buy order 1.2146916974994244
1.2138 2023-02-25 19:42:56 closing trade long 1.2144166974994244
1.2138 2023-02-25 19:42:56 sell order 1.2144166974994244
1.2125 2023-02-25 19:48:39 closing trade short 1.211878722528584
1.2128 2023-02-25 19:48:41 buy order 1.211928722528584
1.2118 2023-02-25 19:49:03 closing trade long 1.2118402918964382
1.2118 2023-02-25 19:49:03 sell order 1.2118402918964382
1.2124 2023-02-25 19:49:06 buy order 1.211990291896438
1.2111 2023-02-25 19:49:32 closing trade long 1.2116652918964381
1.2111 2023-02-25 19:49:33 sell order 1.2116652918964381
1.2112 2023-02-25 19:51:34 buy order 1.2110164141917463
1.2107 2023-02-25 19:51:57 closing trade long 1.2108914141917464
1.2107 2023-02-25 19:51:57 sell order 1.2108914141917464
1.211 2023-02-25 19:52:12 buy order 1.2108810606438096
1.2102 2023-02-25 19:52:17 closing trade long 1.2106810606438096
1.2102 2023-02-25 19:52:17 sell order 1.2106810606438096
1.2116 2023-02-25 19:52:44 buy order 1.2110060606438098
1.2124 2023-02-25 19:55:17 closing trade long 1.2124459162091072
1.2124 2023-02-25 19:55:17 sell order 1.2124459162091072
1.2126 2023-02-25 19:55:22 buy order 1.2124959162091073
1.2123 2023-02-25 19:55:24 closing trade long 1.2124209162091073
1.2123 2023-02-25 19:55:24 sell order 1.2124209162091073
1.2132 2023-02-25 19:55:59 buy order 1.2126459162091074
1.215 2023-02-25 20:00:31 closing trade long 1.2152750074597782
1.215 2023-02-25 20:00:31 sell order 1.2152750074597782
1.2154 2023-02-25 20:00:38 buy order 1.2153750074597784
1.2157 2023-02-25 20:03:08 closing trade long 1.2159859406470939
1.2157 2023-02-25 20:03:08 sell order 1.2159859406470939
1.2163 2023-02-25 20:03:24 buy order 1.216110940647094
1.2179 2023-02-25 20:07:09 closing trade long 1.2179456491891196
1.2179 2023-02-25 20:07:09 sell order 1.2179456491891196
1.218 2023-02-25 20:07:15 buy order 1.2179706491891196
1.2171 2023-02-25 20:07:21 closing trade long 1.2177456491891196
1.2171 2023-02-25 20:07:21 sell order 1.2177456491891196
1.2181 2023-02-25 20:07:35 buy order 1.2179956491891195
1.2178 2023-02-25 20:07:48 closing trade long 1.2179206491891197
1.2178 2023-02-25 20:07:48 sell order 1.2179206491891197
1.2165 2023-02-25 20:10:14 buy order 1.2169383988766598
1.2165 2023-02-25 20:10:16 closing trade long 1.2168133988766598
1.2165 2023-02-25 20:10:16 sell order 1.2168133988766598
1.217 2023-02-25 20:10:26 buy order 1.2168633988766597
1.2168 2023-02-25 20:10:43 closing trade long 1.2168883988766597
1.2168 2023-02-25 20:10:43 sell order 1.2168883988766597
1.2092 2023-02-25 20:23:14 buy order 1.2086315483534669
1.2085 2023-02-25 20:23:41 closing trade long 1.208506548353467
1.2085 2023-02-25 20:23:41 sell order 1.208506548353467
1.2086 2023-02-25 20:23:48 buy order 1.2085315483534669
1.2078 2023-02-25 20:23:51 closing trade long 1.208331548353467
1.2078 2023-02-25 20:23:51 sell order 1.208331548353467
1.2093 2023-02-25 20:24:11 buy order 1.2084986612651
1.2079 2023-02-25 20:24:53 closing trade long 1.2081486612651002
1.2079 2023-02-25 20:24:53 sell order 1.2081486612651002
1.2089 2023-02-25 20:24:57 closing trade short 1.2083986612651003
1.2089 2023-02-25 20:24:59 buy order 1.2083986612651003
1.2076 2023-02-25 20:25:09 closing trade long 1.208323995948825
1.2076 2023-02-25 20:25:09 sell order 1.2082739959488251
1.2086 2023-02-25 20:25:41 closing trade short 1.208523995948825
1.2087 2023-02-25 20:25:42 buy order 1.2085489959488251
1.2074 2023-02-25 20:25:47 closing trade long 1.208223995948825
1.2074 2023-02-25 20:25:48 sell order 1.208223995948825
1.2085 2023-02-25 20:26:32 closing trade short 1.2082929969616187
1.2085 2023-02-25 20:26:34 buy order 1.2082929969616187
1.2081 2023-02-25 20:26:40 closing trade long 1.2081929969616187
1.2081 2023-02-25 20:26:40 sell order 1.2081929969616187
1.2077 2023-02-25 20:27:34 closing trade short 1.2078634977212142
1.2085 2023-02-25 20:27:38 buy order 1.207988497721214
1.2078 2023-02-25 20:28:02 closing trade long 1.2078476232909106
1.2078 2023-02-25 20:28:02 sell order 1.2079226232909104
1.2085 2023-02-25 20:28:29 buy order 1.2080226232909104
1.2085 2023-02-25 20:29:23 closing trade long 1.2085357174681828
1.2085 2023-02-25 20:29:23 sell order 1.2085357174681828
1.2083 2023-02-25 20:29:25 closing trade short 1.2085107174681828
1.2081 2023-02-25 20:29:27 sell order 1.2084357174681828
1.2067 2023-02-25 20:32:16 buy order 1.2063123339318895
1.2066 2023-02-25 20:34:07 closing trade long 1.207114750336688
1.2066 2023-02-25 20:34:09 sell order 1.2069397503366879
1.2058 2023-02-25 20:36:16 buy order 1.205812984564387
1.2058 2023-02-25 20:36:18 closing trade long 1.205812984564387
1.2059 2023-02-25 20:36:19 buy order 1.205837984564387
1.2059 2023-02-25 20:37:11 closing trade long 1.2061159884232904
1.2059 2023-02-25 20:37:11 sell order 1.2061159884232904
1.2066 2023-02-25 20:37:17 buy order 1.2062909884232902
1.206 2023-02-25 20:37:26 closing trade long 1.2061409884232903
1.206 2023-02-25 20:37:26 sell order 1.2061409884232903
1.2054 2023-02-25 20:39:31 buy order 1.2050308684881008
1.2053 2023-02-25 20:39:36 closing trade long 1.2050558684881008
1.2053 2023-02-25 20:39:36 sell order 1.2050558684881008
1.206 2023-02-25 20:39:38 buy order 1.2051308684881006
1.2048 2023-02-25 20:40:17 closing trade long 1.2051794013660755
1.2048 2023-02-25 20:40:17 sell order 1.2051794013660755
1.2054 2023-02-25 20:40:22 buy order 1.2053294013660754
1.2053 2023-02-25 20:40:24 closing trade long 1.2053044013660754
1.2053 2023-02-25 20:40:24 sell order 1.2053044013660754
1.2055 2023-02-25 20:40:28 buy order 1.2053544013660755
1.2042 2023-02-25 20:40:31 closing trade long 1.2050294013660754
1.2042 2023-02-25 20:40:31 sell order 1.2050294013660754
1.2048 2023-02-25 20:42:24 buy order 1.2045165382684173
1.2039 2023-02-25 20:42:32 closing trade long 1.2042915382684174
1.2039 2023-02-25 20:42:32 sell order 1.2042915382684174
1.2017 2023-02-25 20:46:15 closing trade short 1.2024108968739915
1.202 2023-02-25 20:46:16 sell order 1.2023608968739914
1.2027 2023-02-25 20:46:18 buy order 1.2025358968739914
1.2022 2023-02-25 20:46:21 closing trade long 1.2024108968739915
1.2022 2023-02-25 20:46:21 sell order 1.2024108968739915
1.2031 2023-02-25 20:46:25 buy order 1.2024858968739913
1.2028 2023-02-25 20:46:45 closing trade long 1.2024858968739913
1.2028 2023-02-25 20:46:45 sell order 1.2024858968739913
1.2025 2023-02-25 20:46:46 buy order 1.2024858968739913
1.2033 2023-02-25 20:49:14 closing trade long 1.204328034618715
1.2033 2023-02-25 20:49:15 sell order 1.204328034618715
1.2046 2023-02-25 20:49:29 buy order 1.204553034618715
1.2039 2023-02-25 20:49:37 closing trade long 1.2043780346187152
1.2039 2023-02-25 20:49:37 sell order 1.2043780346187152
1.2047 2023-02-25 20:50:15 buy order 1.2045147759640362
1.2072 2023-02-25 20:57:02 closing trade long 1.2074094445821135
1.2071 2023-02-25 20:57:03 sell order 1.2073844445821136
1.2077 2023-02-25 20:57:08 buy order 1.2075344445821137
1.2066 2023-02-25 20:57:43 closing trade long 1.2072594445821134
1.2066 2023-02-25 20:57:43 sell order 1.2072594445821134
1.2069 2023-02-25 20:59:26 buy order 1.2066756250774389
1.2064 2023-02-25 20:59:29 closing trade long 1.206550625077439
1.2064 2023-02-25 20:59:30 sell order 1.206550625077439
1.2066 2023-02-25 20:59:34 closing trade short 1.2066006250774388
1.2072 2023-02-25 20:59:37 buy order 1.206750625077439
1.2068 2023-02-25 21:00:11 closing trade long 1.2068504688080792
1.207 2023-02-25 21:00:14 buy order 1.2068504688080792
1.2067 2023-02-25 21:00:28 closing trade long 1.2067754688080794
1.2067 2023-02-25 21:00:29 sell order 1.2067754688080794
1.2068 2023-02-25 21:00:52 closing trade short 1.2068004688080793
1.2058 2023-02-25 21:01:02 sell order 1.2065503516060594
1.207 2023-02-25 21:01:32 buy order 1.2067503516060594
1.2092 2023-02-25 21:05:06 closing trade long 1.2091954237503546
1.2092 2023-02-25 21:05:06 sell order 1.2091954237503546
1.2093 2023-02-25 21:06:13 closing trade short 1.209146567812766
1.2096 2023-02-25 21:06:15 buy order 1.209221567812766
1.2084 2023-02-25 21:06:50 closing trade long 1.2089215678127658
1.2084 2023-02-25 21:06:50 sell order 1.2089215678127658
1.2075 2023-02-25 21:10:38 buy order 1.207239929659508
1.2069 2023-02-25 21:10:48 closing trade long 1.2071899296595079
1.2069 2023-02-25 21:10:50 sell order 1.207089929659508
1.2049 2023-02-25 21:16:16 buy order 1.2048489706352006
1.2044 2023-02-25 21:16:21 closing trade long 1.2047739706352005
1.2044 2023-02-25 21:16:21 sell order 1.2047239706352004
1.205 2023-02-25 21:16:23 buy order 1.2048739706352005
1.2047 2023-02-25 21:16:51 closing trade long 1.2047989706352005
1.2047 2023-02-25 21:16:51 sell order 1.2047989706352005
1.2017 2023-02-25 21:22:33 buy order 1.2014902159651029
1.2014 2023-02-25 21:22:36 closing trade long 1.201415215965103
1.2014 2023-02-25 21:22:36 sell order 1.201415215965103
1.2019 2023-02-25 21:22:44 closing trade short 1.201540215965103
1.2023 2023-02-25 21:22:46 buy order 1.201640215965103
1.2031 2023-02-25 21:27:05 closing trade long 1.203120895976094
1.2029 2023-02-25 21:27:06 sell order 1.203120895976094
1.2033 2023-02-25 21:27:07 closing trade short 1.2031708959760938
1.2032 2023-02-25 21:27:09 buy order 1.203145895976094
1.203 2023-02-25 21:27:14 closing trade long 1.2030958959760938
1.203 2023-02-25 21:27:14 sell order 1.2030958959760938
1.2037 2023-02-25 21:27:24 buy order 1.2032708959760938
1.2055 2023-02-25 21:31:20 closing trade long 1.2055502639611861
1.2055 2023-02-25 21:31:20 sell order 1.2055502639611861
1.2061 2023-02-25 21:31:23 buy order 1.205700263961186
1.2094 2023-02-25 21:37:30 closing trade long 1.2098301983466075
1.2095 2023-02-25 21:37:31 sell order 1.2098301983466075
1.2101 2023-02-25 21:37:34 buy order 1.2100051983466074
1.2101 2023-02-25 21:38:29 closing trade long 1.2101976487599555
1.2101 2023-02-25 21:38:29 sell order 1.2101976487599555
1.2107 2023-02-25 21:38:33 closing trade short 1.2103476487599556
1.2107 2023-02-25 21:38:35 buy order 1.2103476487599556
1.2102 2023-02-25 21:38:53 closing trade long 1.2102226487599557
1.2102 2023-02-25 21:38:54 sell order 1.2102226487599557
1.2106 2023-02-25 21:38:57 buy order 1.2103226487599557
1.2104 2023-02-25 21:39:02 closing trade long 1.2104169865699668
1.2106 2023-02-25 21:39:20 buy order 1.2103919865699666
1.2101 2023-02-25 21:39:27 closing trade long 1.2102669865699667
1.2101 2023-02-25 21:39:27 sell order 1.2102669865699667
1.2104 2023-02-25 21:40:48 buy order 1.210225239927475
1.2101 2023-02-25 21:41:17 closing trade long 1.2101564299456062
1.2101 2023-02-25 21:41:17 sell order 1.2101564299456062
1.2103 2023-02-25 21:41:19 closing trade short 1.2102064299456061
1.2106 2023-02-25 21:41:21 buy order 1.2102814299456062
1.2106 2023-02-25 21:42:47 closing trade long 1.2106610724592048
1.2106 2023-02-25 21:42:47 sell order 1.2106610724592048
1.2103 2023-02-25 21:46:00 buy order 1.210278889943727
1.2095 2023-02-25 21:46:03 closing trade long 1.2100841674577951
1.2095 2023-02-25 21:46:03 sell order 1.2100841674577951
1.2077 2023-02-25 21:53:19 buy order 1.2074345031268434
1.212 2023-02-25 22:02:53 closing trade long 1.2125164896013092
1.212 2023-02-25 22:02:53 sell order 1.2125164896013092
1.2131 2023-02-25 22:03:08 closing trade short 1.212662367200982
1.2131 2023-02-25 22:03:10 buy order 1.212662367200982
1.2125 2023-02-25 22:04:18 closing trade long 1.2126780254007363
1.2125 2023-02-25 22:04:18 sell order 1.2126780254007363
1.2119 2023-02-25 22:08:05 buy order 1.211804863505702
1.2114 2023-02-25 22:08:17 closing trade long 1.2116798635057018
1.2114 2023-02-25 22:08:17 sell order 1.2116798635057018
1.2124 2023-02-25 22:08:29 buy order 1.2119298635057019
1.2141 2023-02-25 22:16:41 closing trade long 1.2143294236673114
1.2141 2023-02-25 22:16:41 sell order 1.2143294236673114
1.2147 2023-02-25 22:17:27 closing trade short 1.2144220677504836
1.2147 2023-02-25 22:17:29 buy order 1.2144220677504836
1.214 2023-02-25 22:18:30 closing trade long 1.2143353008128628
1.214 2023-02-25 22:18:30 sell order 1.2143353008128628
1.2143 2023-02-25 22:19:24 buy order 1.214288975609647
1.2148 2023-02-25 22:21:39 closing trade long 1.2149219237804265
1.2148 2023-02-25 22:21:39 sell order 1.2149219237804265
1.2155 2023-02-25 22:22:13 closing trade short 1.21497269283532
1.2156 2023-02-25 22:22:15 buy order 1.2149976928353199
1.236 2023-02-25 22:44:26 closing trade long 1.2360964210910166
1.236 2023-02-25 22:44:26 sell order 1.2360964210910166
1.2347 2023-02-25 22:46:54 buy order 1.2346651743636967
1.2345 2023-02-25 22:46:59 closing trade long 1.2346151743636966
1.2345 2023-02-25 22:47:00 sell order 1.2346151743636966
1.2349 2023-02-25 22:47:03 buy order 1.2346863807727724
1.2345 2023-02-25 22:48:17 closing trade long 1.2346960355795793
1.2345 2023-02-25 22:48:17 sell order 1.2346960355795793
1.2334 2023-02-25 22:52:54 closing trade short 1.2333054839138513
1.2334 2023-02-25 22:52:56 buy order 1.2333304839138512
1.236 2023-02-25 22:58:17 closing trade long 1.2360491327571284
1.236 2023-02-25 22:58:17 sell order 1.2360491327571284
1.2364 2023-02-25 22:59:22 buy order 1.2357618495678462
1.2353 2023-02-25 23:00:03 closing trade long 1.2356276371758845
1.2353 2023-02-25 23:00:04 sell order 1.2356276371758845
1.2358 2023-02-25 23:01:02 closing trade short 1.2355394778819133
1.236 2023-02-25 23:01:03 buy order 1.2355894778819134
1.2353 2023-02-25 23:01:53 closing trade long 1.2354144778819134
1.2353 2023-02-25 23:01:53 sell order 1.2354144778819134
1.2372 2023-02-25 23:02:05 buy order 1.235735858411435
1.2349 2023-02-25 23:02:24 closing trade long 1.2352108584114352
1.2349 2023-02-25 23:02:25 sell order 1.2352108584114352
1.2357 2023-02-25 23:02:38 buy order 1.2354108584114352
1.2354 2023-02-25 23:02:54 closing trade long 1.2353358584114351
1.2371 2023-02-25 23:02:57 buy order 1.235760858411435
1.2386 2023-02-25 23:07:39 closing trade long 1.2386750132753697
1.2384 2023-02-25 23:07:41 sell order 1.2386250132753698
1.2386 2023-02-25 23:09:33 buy order 1.2382203199673956
1.238 2023-02-25 23:09:43 closing trade long 1.2381453199673955
1.238 2023-02-25 23:09:43 sell order 1.2381453199673955
1.2382 2023-02-25 23:09:46 buy order 1.2381953199673954
1.2382 2023-02-25 23:10:05 closing trade long 1.2382527399755465
1.2382 2023-02-25 23:10:05 sell order 1.2382527399755465
1.2383 2023-02-25 23:10:12 buy order 1.2382777399755467
1.238 2023-02-25 23:10:19 closing trade long 1.2382027399755466
1.238 2023-02-25 23:10:19 sell order 1.2382027399755466
1.2384 2023-02-25 23:10:39 buy order 1.2383027399755466
1.2382 2023-02-25 23:10:57 closing trade long 1.2382527399755465
1.2382 2023-02-25 23:10:57 sell order 1.2382527399755465
1.2387 2023-02-25 23:11:05 buy order 1.23836455498166
1.2381 2023-02-25 23:11:12 closing trade long 1.2382145549816599
1.2381 2023-02-25 23:11:12 sell order 1.2382145549816599
1.2385 2023-02-25 23:11:25 buy order 1.2383145549816599
1.2383 2023-02-25 23:11:28 closing trade long 1.2383145549816599
1.2382 2023-02-25 23:11:33 sell order 1.2382395549816598
1.2393 2023-02-25 23:11:40 buy order 1.23846455498166
1.2442 2023-02-25 23:22:09 closing trade long 1.2443380969694462
1.2442 2023-02-25 23:22:09 sell order 1.2443380969694462
1.245 2023-02-25 23:22:16 buy order 1.2445380969694462
1.2488 2023-02-25 23:32:20 closing trade long 1.248868094098996
1.2488 2023-02-25 23:32:20 sell order 1.248868094098996
1.2493 2023-02-25 23:32:25 closing trade short 1.2489930940989962
1.2493 2023-02-25 23:32:27 buy order 1.2489930940989962
1.2486 2023-02-25 23:33:10 closing trade long 1.248857320574247
1.2486 2023-02-25 23:33:10 sell order 1.248857320574247
1.2486 2023-02-25 23:34:07 buy order 1.2485679904306852
1.2491 2023-02-25 23:35:28 closing trade long 1.249038492823014
1.2486 2023-02-25 23:35:58 sell order 1.248863492823014
1.2491 2023-02-25 23:36:01 buy order 1.2490351196172607
1.2485 2023-02-25 23:36:06 closing trade long 1.2488851196172606
1.2485 2023-02-25 23:36:06 sell order 1.2488851196172606
1.2491 2023-02-25 23:36:21 buy order 1.2490351196172607
1.2491 2023-02-25 23:36:26 closing trade long 1.2490351196172607
1.2484 2023-02-25 23:36:43 sell order 1.2488601196172606
1.2477 2023-02-25 23:41:30 buy order 1.2474656826826116
1.2469 2023-02-25 23:41:46 closing trade long 1.2472406826826115
1.2469 2023-02-25 23:41:46 sell order 1.2472406826826115
1.2472 2023-02-25 23:42:37 buy order 1.2470930120119588
1.2468 2023-02-25 23:42:42 closing trade long 1.2470180120119587
1.2468 2023-02-25 23:42:42 sell order 1.2470180120119587
1.2472 2023-02-25 23:42:49 buy order 1.2471180120119587
1.247 2023-02-25 23:42:54 closing trade long 1.2470680120119586
1.247 2023-02-25 23:42:54 sell order 1.2470680120119586
1.2473 2023-02-25 23:43:02 buy order 1.2471260090089689
1.247 2023-02-25 23:43:05 closing trade long 1.247051009008969
1.247 2023-02-25 23:43:05 sell order 1.247051009008969
1.2471 2023-02-25 23:43:27 buy order 1.247076009008969
1.247 2023-02-25 23:43:35 closing trade long 1.247051009008969
1.247 2023-02-25 23:43:35 sell order 1.247051009008969
1.2457 2023-02-25 23:48:48 buy order 1.2456939406144332
1.2489 2023-02-25 23:59:03 closing trade long 1.2490513933534684
1.2489 2023-02-25 23:59:03 sell order 1.2490513933534684
1.2395 2023-02-26 00:15:06 buy order 1.2394648002680735
