1.1815 2023-03-14 05:18:01 sell order 
1.1819 2023-03-14 06:08:48 closing trade short 1.1797344160654397
1.1561 2023-03-14 09:36:02 buy order 
1.1536 2023-03-14 09:45:00 closing trade long 1.154009708578828
1.161 2023-03-14 12:04:23 sell order 
1.1724 2023-03-14 12:30:46 closing trade short 1.1641156226720795
1.2206 2023-03-14 13:19:48 sell order 
1.22 2023-03-14 13:22:37 closing trade short 1.2258696637813338
1.2281 2023-03-14 13:53:13 sell order 
1.2293 2023-03-14 13:58:38 closing trade short 1.2295511023334558
1.2359 2023-03-14 15:27:02 sell order 
1.2362 2023-03-14 15:31:37 closing trade short 1.237983545571868
1.2379 2023-03-14 16:06:36 sell order 
1.2421 2023-03-14 16:10:02 closing trade short 1.241387756004445
1.2368 2023-03-14 16:54:02 buy order 
1.2324 2023-03-14 17:12:02 closing trade long 1.2346053808898958
1.2202 2023-03-14 18:20:03 buy order 
1.2173 2023-03-14 18:49:19 closing trade long 1.2210992923918875
1.1889 2023-03-14 19:51:06 buy order 
1.2004 2023-03-14 20:07:36 closing trade long 1.1963660781987957
1.1913 2023-03-14 20:13:02 sell order 
1.1953 2023-03-14 20:25:28 closing trade short 1.1939791373177842
1.1723 2023-03-14 21:31:08 buy order 
1.1981 2023-03-14 23:45:59 closing trade long 1.195482329098572
1.1959 2023-03-15 00:14:16 sell order 
1.2008 2023-03-15 00:16:53 closing trade short 1.199717406806201
1.1992 2023-03-15 00:46:05 buy order 
1.1949 2023-03-15 00:51:36 closing trade long 1.1956932991242573
1.2074 2023-03-15 02:15:03 sell order 
1.2118 2023-03-15 02:53:27 closing trade short 1.2094827125386942
1.2162 2023-03-15 05:35:03 sell order 
1.2212 2023-03-15 05:38:39 closing trade short 1.2188568272826648
1.2024 2023-03-15 10:44:12 buy order  backtest 
1.2004 2023-03-15 10:50:48 closing trade long  backtest 1.2005935357540618
